2025-07-12 06:45:58,653 - INFO - Scraper initialized:
2025-07-12 06:45:58,653 - INFO -   - Requests: Disabled
2025-07-12 06:45:58,653 - INFO -   - Selenium: Disabled
2025-07-12 06:45:58,653 - INFO -   - BeautifulSoup: Disabled
2025-07-12 06:45:58,653 - INFO -   - Known companies: 52
2025-07-12 06:45:58,653 - WARNING - No web scraping libraries available. Install 'requests' or 'selenium' for full functionality.
2025-07-12 06:45:58,653 - INFO - 🚀 STARTING ENHANCED HEALTHCARE SCRAPER
2025-07-12 06:45:58,653 - INFO - ============================================================
2025-07-12 06:45:58,653 - INFO - Configuration:
2025-07-12 06:45:58,653 - INFO -   - Requests: Disabled
2025-07-12 06:45:58,653 - INFO -   - Selenium: Disabled
2025-07-12 06:45:58,653 - INFO -   - BeautifulSoup: Disabled
2025-07-12 06:45:58,653 - INFO -   - Output directory: output
2025-07-12 06:45:58,653 - INFO -   - Max companies: 3
2025-07-12 06:45:58,653 - INFO -   - Sources: All
2025-07-12 06:45:58,653 - INFO - ============================================================
2025-07-12 06:45:58,653 - INFO - 🚀 STARTING ENHANCED HEALTHCARE DIRECTORY EXTRACTION
2025-07-12 06:45:58,653 - INFO - ================================================================================
2025-07-12 06:45:58,653 - WARNING - ⚠️  No web scraping libraries available!
2025-07-12 06:45:58,653 - WARNING -    Install 'requests' and 'beautifulsoup4' for basic functionality
2025-07-12 06:45:58,653 - WARNING -    Install 'selenium' for JavaScript-heavy sites
2025-07-12 06:45:58,653 - WARNING -    Returning sample data for demonstration...
2025-07-12 06:45:58,653 - INFO - Generated 3 sample companies for demonstration
2025-07-12 06:45:58,654 - INFO - ✅ Results saved to output/healthcare_companies.csv and output/healthcare_companies.json
2025-07-12 06:45:58,654 - INFO - 🎉 EXTRACTION COMPLETE!
2025-07-12 06:45:58,654 - INFO - ============================================================
2025-07-12 06:45:58,654 - INFO - 📊 FINAL RESULTS:
2025-07-12 06:45:58,654 - INFO -    Total companies: 3
2025-07-12 06:45:58,654 - INFO -    With websites: 3 (100.0%)
2025-07-12 06:45:58,654 - INFO -    German companies: 3
2025-07-12 06:45:58,654 - INFO -    Runtime: 0.0 seconds
2025-07-12 06:45:58,654 - INFO -    Rate: 5161.16 companies/second
2025-07-12 06:45:58,654 - INFO - 📈 BREAKDOWN BY SOURCE:
2025-07-12 06:45:58,654 - INFO -    demonstration: 3 companies
2025-07-12 06:45:58,654 - INFO - 
🏢 SAMPLE COMPANIES:
2025-07-12 06:45:58,654 - INFO -    1. Sample MedTech GmbH
2025-07-12 06:45:58,654 - INFO -       🌐 https://sample-medtech.de
2025-07-12 06:45:58,654 - INFO -       📍 Berlin, Germany
2025-07-12 06:45:58,654 - INFO -       🏷️  Medical Technology
2025-07-12 06:45:58,654 - INFO - 
2025-07-12 06:45:58,654 - INFO -    2. Demo Healthcare Systems
2025-07-12 06:45:58,654 - INFO -       🌐 https://demo-healthcare.com
2025-07-12 06:45:58,654 - INFO -       📍 Munich, Germany
2025-07-12 06:45:58,654 - INFO -       🏷️  Healthcare Systems
2025-07-12 06:45:58,654 - INFO - 
2025-07-12 06:45:58,654 - INFO -    3. Test Biotech AG
2025-07-12 06:45:58,654 - INFO -       🌐 https://test-biotech.de
2025-07-12 06:45:58,654 - INFO -       📍 Hamburg, Germany
2025-07-12 06:45:58,654 - INFO -       🏷️  Biotechnology
2025-07-12 06:45:58,654 - INFO - 
2025-07-12 06:45:58,654 - INFO - ✅ Results saved successfully!
2025-07-12 06:58:55,404 - INFO - Scraper initialized:
2025-07-12 06:58:55,404 - INFO -   - Requests: Disabled
2025-07-12 06:58:55,404 - INFO -   - Selenium: Disabled
2025-07-12 06:58:55,404 - INFO -   - BeautifulSoup: Disabled
2025-07-12 06:58:55,404 - INFO -   - Known companies: 52
2025-07-12 06:58:55,404 - WARNING - No web scraping libraries available. Install 'requests' or 'selenium' for full functionality.
2025-07-12 06:58:55,404 - INFO - 🚀 STARTING ENHANCED HEALTHCARE SCRAPER
2025-07-12 06:58:55,404 - INFO - ============================================================
2025-07-12 06:58:55,404 - INFO - Configuration:
2025-07-12 06:58:55,404 - INFO -   - Requests: Disabled
2025-07-12 06:58:55,404 - INFO -   - Selenium: Disabled
2025-07-12 06:58:55,404 - INFO -   - BeautifulSoup: Disabled
2025-07-12 06:58:55,404 - INFO -   - Output directory: output
2025-07-12 06:58:55,404 - INFO -   - Max companies: 50
2025-07-12 06:58:55,404 - INFO -   - Sources: ['blogs']
2025-07-12 06:58:55,404 - INFO - ============================================================
2025-07-12 06:58:55,404 - INFO - 🚀 STARTING ENHANCED HEALTHCARE DIRECTORY EXTRACTION
2025-07-12 06:58:55,404 - INFO - ================================================================================
2025-07-12 06:58:55,404 - WARNING - ⚠️  No external web scraping libraries available!
2025-07-12 06:58:55,404 - WARNING -    Using urllib (standard library) for basic extraction...
2025-07-12 06:58:55,404 - WARNING -    Install 'requests' and 'beautifulsoup4' for better results
2025-07-12 06:58:55,404 - INFO - Scraping German Health Startups Blog with urllib...
2025-07-12 06:58:56,469 - INFO - ✅ Found 3 companies from German Health Startups Blog
2025-07-12 06:58:59,470 - INFO - Scraping Digital Health News with urllib...
2025-07-12 06:59:00,849 - DEBUG - Failed to fetch https://www.e-health-com.de/details-news/digital-health-startups-in-deutschland/ with urllib: HTTP Error 404: Not Found
2025-07-12 06:59:00,850 - WARNING - ❌ Failed to fetch Digital Health News
2025-07-12 06:59:03,850 - INFO - 📊 Total unique companies: 3
2025-07-12 06:59:03,850 - INFO - 🔍 Enhancing companies with additional details...
2025-07-12 06:59:03,850 - INFO - Enhancing 3 companies with additional details...
2025-07-12 06:59:03,850 - INFO - Enhanced 0/3 companies...
2025-07-12 06:59:04,853 - INFO - ✅ Results saved to output/healthcare_companies.csv and output/healthcare_companies.json
2025-07-12 06:59:04,854 - INFO - 🎉 EXTRACTION COMPLETE!
2025-07-12 06:59:04,854 - INFO - ============================================================
2025-07-12 06:59:04,854 - INFO - 📊 FINAL RESULTS:
2025-07-12 06:59:04,854 - INFO -    Total companies: 3
2025-07-12 06:59:04,854 - INFO -    With websites: 3 (100.0%)
2025-07-12 06:59:04,854 - INFO -    German companies: 3
2025-07-12 06:59:04,854 - INFO -    Runtime: 9.4 seconds
2025-07-12 06:59:04,854 - INFO -    Rate: 0.32 companies/second
2025-07-12 06:59:04,854 - INFO - 📈 BREAKDOWN BY SOURCE:
2025-07-12 06:59:04,854 - INFO -    www.healthtech.de: 3 companies
2025-07-12 06:59:04,854 - INFO - 
🏢 SAMPLE COMPANIES:
2025-07-12 06:59:04,854 - INFO -    1. Verifiziert durch ELITEDOMAINS
2025-07-12 06:59:04,854 - INFO -       🌐 https://elitedomains.de
2025-07-12 06:59:04,854 - INFO -       📍 Germany
2025-07-12 06:59:04,854 - INFO -       🏷️  HealthTech
2025-07-12 06:59:04,854 - INFO - 
2025-07-12 06:59:04,854 - INFO -    2. Domain Marktplatz
2025-07-12 06:59:04,854 - INFO -       🌐 https://elitedomains.de/marktplatz
2025-07-12 06:59:04,854 - INFO -       📍 Germany
2025-07-12 06:59:04,854 - INFO -       🏷️  HealthTech
2025-07-12 06:59:04,854 - INFO - 
2025-07-12 06:59:04,854 - INFO -    3. Domains verkaufen
2025-07-12 06:59:04,854 - INFO -       🌐 https://elitedomains.de/domains-verkaufen
2025-07-12 06:59:04,854 - INFO -       📍 Germany
2025-07-12 06:59:04,854 - INFO -       🏷️  HealthTech
2025-07-12 06:59:04,854 - INFO - 
2025-07-12 06:59:04,854 - INFO - ✅ Results saved successfully!
2025-07-12 06:59:15,177 - INFO - Scraper initialized:
2025-07-12 06:59:15,177 - INFO -   - Requests: Disabled
2025-07-12 06:59:15,177 - INFO -   - Selenium: Disabled
2025-07-12 06:59:15,177 - INFO -   - BeautifulSoup: Disabled
2025-07-12 06:59:15,177 - INFO -   - Known companies: 52
2025-07-12 06:59:15,177 - WARNING - No web scraping libraries available. Install 'requests' or 'selenium' for full functionality.
2025-07-12 06:59:15,177 - INFO - 🚀 STARTING ENHANCED HEALTHCARE SCRAPER
2025-07-12 06:59:15,177 - INFO - ============================================================
2025-07-12 06:59:15,178 - INFO - Configuration:
2025-07-12 06:59:15,178 - INFO -   - Requests: Disabled
2025-07-12 06:59:15,178 - INFO -   - Selenium: Disabled
2025-07-12 06:59:15,178 - INFO -   - BeautifulSoup: Disabled
2025-07-12 06:59:15,178 - INFO -   - Output directory: output
2025-07-12 06:59:15,178 - INFO -   - Max companies: 100
2025-07-12 06:59:15,178 - INFO -   - Sources: All
2025-07-12 06:59:15,178 - INFO - ============================================================
2025-07-12 06:59:15,178 - INFO - 🚀 STARTING ENHANCED HEALTHCARE DIRECTORY EXTRACTION
2025-07-12 06:59:15,178 - INFO - ================================================================================
2025-07-12 06:59:15,178 - WARNING - ⚠️  No external web scraping libraries available!
2025-07-12 06:59:15,178 - WARNING -    Using urllib (standard library) for basic extraction...
2025-07-12 06:59:15,178 - WARNING -    Install 'requests' and 'beautifulsoup4' for better results
2025-07-12 06:59:15,178 - INFO - Scraping German Health Startups Blog with urllib...
2025-07-12 06:59:16,227 - INFO - ✅ Found 3 companies from German Health Startups Blog
2025-07-12 06:59:19,227 - INFO - Scraping Digital Health News with urllib...
2025-07-12 06:59:21,106 - DEBUG - Failed to fetch https://www.e-health-com.de/details-news/digital-health-startups-in-deutschland/ with urllib: HTTP Error 404: Not Found
2025-07-12 06:59:21,106 - WARNING - ❌ Failed to fetch Digital Health News
2025-07-12 06:59:24,106 - INFO - Scraping MedTech Directory with urllib...
2025-07-12 06:59:25,114 - DEBUG - Failed to fetch https://www.medtech-zwo.de/nachrichten/maerkte-und-trends/startup-landscape-deutschland.html with urllib: HTTP Error 404: Not Found
2025-07-12 06:59:25,114 - WARNING - ❌ Failed to fetch MedTech Directory
2025-07-12 06:59:28,114 - INFO - Scraping Healthcare Industry News with urllib...
2025-07-12 06:59:28,350 - DEBUG - Failed to fetch https://www.digitale-gesundheit.de/startups/ with urllib: <urlopen error [SSL: TLSV1_ALERT_INTERNAL_ERROR] tlsv1 alert internal error (_ssl.c:1029)>
2025-07-12 06:59:28,350 - WARNING - ❌ Failed to fetch Healthcare Industry News
2025-07-12 06:59:31,350 - INFO - Scraping German Biotech Portal with urllib...
2025-07-12 06:59:31,646 - DEBUG - Failed to fetch https://www.biotechnologie.de/news/ with urllib: <urlopen error [SSL: CERTIFICATE_VERIFY_FAILED] certificate verify failed: Hostname mismatch, certificate is not valid for 'www.biotechnologie.de'. (_ssl.c:1029)>
2025-07-12 06:59:31,646 - WARNING - ❌ Failed to fetch German Biotech Portal
2025-07-12 06:59:34,646 - INFO - 📊 Total unique companies: 3
2025-07-12 06:59:34,647 - INFO - 🔍 Enhancing companies with additional details...
2025-07-12 06:59:34,647 - INFO - Enhancing 3 companies with additional details...
2025-07-12 06:59:34,647 - INFO - Enhanced 0/3 companies...
2025-07-12 06:59:35,648 - INFO - ✅ Results saved to output/healthcare_companies.csv and output/healthcare_companies.json
2025-07-12 06:59:35,648 - INFO - 🎉 EXTRACTION COMPLETE!
2025-07-12 06:59:35,648 - INFO - ============================================================
2025-07-12 06:59:35,648 - INFO - 📊 FINAL RESULTS:
2025-07-12 06:59:35,648 - INFO -    Total companies: 3
2025-07-12 06:59:35,648 - INFO -    With websites: 3 (100.0%)
2025-07-12 06:59:35,648 - INFO -    German companies: 3
2025-07-12 06:59:35,648 - INFO -    Runtime: 20.5 seconds
2025-07-12 06:59:35,648 - INFO -    Rate: 0.15 companies/second
2025-07-12 06:59:35,648 - INFO - 📈 BREAKDOWN BY SOURCE:
2025-07-12 06:59:35,648 - INFO -    www.healthtech.de: 3 companies
2025-07-12 06:59:35,648 - INFO - 
🏢 SAMPLE COMPANIES:
2025-07-12 06:59:35,648 - INFO -    1. Verifiziert durch ELITEDOMAINS
2025-07-12 06:59:35,648 - INFO -       🌐 https://elitedomains.de
2025-07-12 06:59:35,648 - INFO -       📍 Germany
2025-07-12 06:59:35,648 - INFO -       🏷️  HealthTech
2025-07-12 06:59:35,648 - INFO - 
2025-07-12 06:59:35,648 - INFO -    2. Domain Marktplatz
2025-07-12 06:59:35,648 - INFO -       🌐 https://elitedomains.de/marktplatz
2025-07-12 06:59:35,648 - INFO -       📍 Germany
2025-07-12 06:59:35,648 - INFO -       🏷️  HealthTech
2025-07-12 06:59:35,648 - INFO - 
2025-07-12 06:59:35,648 - INFO -    3. Domains verkaufen
2025-07-12 06:59:35,648 - INFO -       🌐 https://elitedomains.de/domains-verkaufen
2025-07-12 06:59:35,648 - INFO -       📍 Germany
2025-07-12 06:59:35,648 - INFO -       🏷️  HealthTech
2025-07-12 06:59:35,648 - INFO - 
2025-07-12 06:59:35,648 - INFO - ✅ Results saved successfully!
2025-07-12 07:05:45,676 - INFO - Scraper initialized:
2025-07-12 07:05:45,676 - INFO -   - Requests: Disabled
2025-07-12 07:05:45,676 - INFO -   - Selenium: Disabled
2025-07-12 07:05:45,676 - INFO -   - BeautifulSoup: Disabled
2025-07-12 07:05:45,676 - INFO -   - Known companies: 52
2025-07-12 07:05:45,676 - WARNING - No web scraping libraries available. Install 'requests' or 'selenium' for full functionality.
2025-07-12 07:05:45,676 - INFO - 🚀 STARTING ENHANCED HEALTHCARE SCRAPER
2025-07-12 07:05:45,676 - INFO - ============================================================
2025-07-12 07:05:45,676 - INFO - Configuration:
2025-07-12 07:05:45,677 - INFO -   - Requests: Disabled
2025-07-12 07:05:45,677 - INFO -   - Selenium: Disabled
2025-07-12 07:05:45,677 - INFO -   - BeautifulSoup: Disabled
2025-07-12 07:05:45,677 - INFO -   - Output directory: output
2025-07-12 07:05:45,677 - INFO -   - Max companies: 50
2025-07-12 07:05:45,677 - INFO -   - Sources: All
2025-07-12 07:05:45,677 - INFO - ============================================================
2025-07-12 07:05:45,677 - INFO - 🚀 STARTING ENHANCED HEALTHCARE DIRECTORY EXTRACTION
2025-07-12 07:05:45,677 - INFO - ================================================================================
2025-07-12 07:05:45,677 - WARNING - ⚠️  No external web scraping libraries available!
2025-07-12 07:05:45,677 - WARNING -    Using urllib (standard library) for basic extraction...
2025-07-12 07:05:45,677 - WARNING -    Install 'requests' and 'beautifulsoup4' for better results
2025-07-12 07:05:45,677 - INFO - Scraping BVMed Members with urllib...
2025-07-12 07:05:46,277 - DEBUG - Failed to fetch https://www.bvmed.de/de/unternehmen/mitgliedsunternehmen with urllib: HTTP Error 404: Not Found
2025-07-12 07:05:46,277 - WARNING - ❌ Failed to fetch BVMed Members
2025-07-12 07:05:49,278 - INFO - Scraping SPECTARIS Directory with urllib...
2025-07-12 07:05:50,294 - DEBUG - Failed to fetch https://www.spectaris.de/mitglieder/ with urllib: HTTP Error 404: Not Found
2025-07-12 07:05:50,295 - WARNING - ❌ Failed to fetch SPECTARIS Directory
2025-07-12 07:05:53,295 - INFO - Scraping Berlin Startup Directory with urllib...
2025-07-12 07:05:53,302 - DEBUG - Failed to fetch https://www.berlin-startup-directory.com/startups/health/ with urllib: <urlopen error [Errno -2] Name or service not known>
2025-07-12 07:05:53,303 - WARNING - ❌ Failed to fetch Berlin Startup Directory
2025-07-12 07:05:56,303 - INFO - Scraping Health Innovation Hub with urllib...
2025-07-12 07:05:56,308 - DEBUG - Failed to fetch https://hih-2025.de/startups/ with urllib: <urlopen error [Errno -2] Name or service not known>
2025-07-12 07:05:56,309 - WARNING - ❌ Failed to fetch Health Innovation Hub
2025-07-12 07:05:59,309 - INFO - Scraping German Biotech Companies with urllib...
2025-07-12 07:05:59,679 - DEBUG - Failed to fetch https://www.biotechnologie.de/branche/biotech-branche/biotech-unternehmen with urllib: <urlopen error [SSL: CERTIFICATE_VERIFY_FAILED] certificate verify failed: Hostname mismatch, certificate is not valid for 'www.biotechnologie.de'. (_ssl.c:1029)>
2025-07-12 07:05:59,679 - WARNING - ❌ Failed to fetch German Biotech Companies
2025-07-12 07:06:02,679 - INFO - 📊 Total unique companies: 0
2025-07-12 07:06:02,679 - INFO - 🔍 Enhancing companies with additional details...
2025-07-12 07:06:02,679 - INFO - Enhancing 0 companies with additional details...
2025-07-12 07:06:02,679 - ERROR - ❌ No companies were extracted
2025-07-12 07:06:03,814 - INFO - Scraper initialized:
2025-07-12 07:06:03,814 - INFO -   - Requests: Disabled
2025-07-12 07:06:03,814 - INFO -   - Selenium: Disabled
2025-07-12 07:06:03,814 - INFO -   - BeautifulSoup: Disabled
2025-07-12 07:06:03,814 - INFO -   - Known companies: 52
2025-07-12 07:06:03,814 - WARNING - No web scraping libraries available. Install 'requests' or 'selenium' for full functionality.
2025-07-12 07:06:03,814 - INFO - 🚀 STARTING ENHANCED HEALTHCARE SCRAPER
2025-07-12 07:06:03,815 - INFO - ============================================================
2025-07-12 07:06:03,815 - INFO - Configuration:
2025-07-12 07:06:03,815 - INFO -   - Requests: Disabled
2025-07-12 07:06:03,815 - INFO -   - Selenium: Disabled
2025-07-12 07:06:03,815 - INFO -   - BeautifulSoup: Disabled
2025-07-12 07:06:03,815 - INFO -   - Output directory: output
2025-07-12 07:06:03,815 - INFO -   - Max companies: 20
2025-07-12 07:06:03,815 - INFO -   - Sources: All
2025-07-12 07:06:03,815 - INFO - ============================================================
2025-07-12 07:06:03,815 - INFO - 🚀 STARTING ENHANCED HEALTHCARE DIRECTORY EXTRACTION
2025-07-12 07:06:03,815 - INFO - ================================================================================
2025-07-12 07:06:03,815 - WARNING - ⚠️  No external web scraping libraries available!
2025-07-12 07:06:03,815 - WARNING -    Using urllib (standard library) for basic extraction...
2025-07-12 07:06:03,815 - WARNING -    Install 'requests' and 'beautifulsoup4' for better results
2025-07-12 07:06:03,815 - INFO - Scraping BVMed Members with urllib...
2025-07-12 07:06:04,419 - WARNING - ❌ Failed to fetch BVMed Members
2025-07-12 07:06:07,419 - INFO - Scraping SPECTARIS Directory with urllib...
2025-07-12 07:06:08,408 - WARNING - ❌ Failed to fetch SPECTARIS Directory
2025-07-12 07:06:11,409 - INFO - Scraping Berlin Startup Directory with urllib...
2025-07-12 07:06:11,421 - WARNING - ❌ Failed to fetch Berlin Startup Directory
2025-07-12 07:06:14,421 - INFO - Scraping Health Innovation Hub with urllib...
2025-07-12 07:06:14,427 - WARNING - ❌ Failed to fetch Health Innovation Hub
2025-07-12 07:06:17,428 - INFO - Scraping German Biotech Companies with urllib...
2025-07-12 07:06:17,718 - WARNING - ❌ Failed to fetch German Biotech Companies
2025-07-12 07:06:20,719 - INFO - 📊 Total unique companies: 0
2025-07-12 07:06:20,719 - INFO - 🔍 Enhancing companies with additional details...
2025-07-12 07:06:20,719 - INFO - Enhancing 0 companies with additional details...
2025-07-12 07:06:20,719 - ERROR - ❌ No companies were extracted
